<?xml version="1.0" encoding="UTF-8"?>
<robot generator="Robot 6.1 (Python 3.11.4 on win32)" generated="20230717 10:32:34.285" rpa="false" schemaversion="4">
<suite id="s1" name="Tests" source="C:\Users\monsh\PycharmProjects\occazio_app\Tests">
<suite id="s1-s1" name="homeTest" source="C:\Users\monsh\PycharmProjects\occazio_app\Tests\homeTest.robot">
<test id="s1-s1-t1" name="Demarrage" line="8">
<kw name="Run Keyword" library="BuiltIn" type="SETUP">
<arg>Launch app</arg>
<doc>Executes the given keyword with the given arguments.</doc>
<kw name="Launch App" library="base">
<kw name="Open Application" library="AppiumLibrary">
<arg>${Hub}</arg>
<arg>automationName=${ANDROID_AUTOMATION_NAME}</arg>
<arg>platformName=${ANDROID_PLATFORM_NAME}</arg>
<arg>platformVersion=${ANDROID_PLATFORM_VERSION}</arg>
<arg>app=${ANDROID_APP}</arg>
<doc>Opens a new application to given Appium server.
Capabilities of appium server, Android and iOS,
Please check https://github.com/appium/appium/blob/master/docs/en/writing-running-appium/server-args.md
| *Option*            | *Man.* | *Description*     |
| remote_url          | Yes    | Appium server url |
| alias               | no     | alias             |
| strict_ssl          | No     | allows you to send commands to an invalid certificate host like a self-signed one. |</doc>
<status status="PASS" starttime="20230717 10:32:34.760" endtime="20230717 10:32:48.307"/>
</kw>
<status status="PASS" starttime="20230717 10:32:34.759" endtime="20230717 10:32:48.308"/>
</kw>
<status status="PASS" starttime="20230717 10:32:34.759" endtime="20230717 10:32:48.308"/>
</kw>
<kw name="Onboarding" library="navigate">
<kw name="Wait Until Element Is Visible" library="AppiumLibrary">
<arg>${id_btn_demarrer}</arg>
<arg>15s</arg>
<doc>Waits until element specified with `locator` is visible.</doc>
<msg timestamp="20230717 10:32:51.862" level="INFO">criteria is bt_start_showcase
criteria is bt_start_showcase
criteria is bt_start_showcase
criteria is bt_start_showcase
criteria is bt_start_showcase
criteria is bt_start_showcase
criteria is bt_start_showcase
criteria is bt_start_showcase
criteria is bt_start_showcase
criteria is bt_start_showcase
criteria is bt_start_showcase</msg>
<status status="PASS" starttime="20230717 10:32:48.310" endtime="20230717 10:32:51.862"/>
</kw>
<kw name="Click Element" library="AppiumLibrary">
<arg>${id_btn_demarrer}</arg>
<doc>Click element identified by `locator`.</doc>
<msg timestamp="20230717 10:32:51.867" level="INFO">Clicking element 'id=bt_start_showcase'.</msg>
<msg timestamp="20230717 10:32:51.984" level="INFO">criteria is bt_start_showcase</msg>
<status status="PASS" starttime="20230717 10:32:51.863" endtime="20230717 10:32:51.985"/>
</kw>
<kw name="Wait Until Element Is Visible" library="AppiumLibrary">
<arg>${id_indicator_swipe}</arg>
<doc>Waits until element specified with `locator` is visible.</doc>
<msg timestamp="20230717 10:32:52.822" level="INFO">criteria is indicator_showcase</msg>
<status status="PASS" starttime="20230717 10:32:51.985" endtime="20230717 10:32:52.823"/>
</kw>
<kw name="Run Keyword And Return Status" library="BuiltIn">
<var>${buttons}</var>
<arg>Page Should Not Contain Element</arg>
<arg>${id_btn_valider}</arg>
<doc>Runs the given keyword with given arguments and returns the status as a Boolean value.</doc>
<kw name="Page Should Not Contain Element" library="AppiumLibrary">
<arg>${id_btn_valider}</arg>
<doc>Verifies that current page not contains `locator` element.</doc>
<msg timestamp="20230717 10:32:52.873" level="INFO">Current page not contains element 'id=bt_stop_showcase'.</msg>
<msg timestamp="20230717 10:32:52.873" level="INFO">criteria is bt_stop_showcase</msg>
<status status="PASS" starttime="20230717 10:32:52.824" endtime="20230717 10:32:52.873"/>
</kw>
<msg timestamp="20230717 10:32:52.874" level="INFO">${buttons} = True</msg>
<status status="PASS" starttime="20230717 10:32:52.823" endtime="20230717 10:32:52.874"/>
</kw>
<for flavor="IN RANGE">
<var>${index}</var>
<value>4</value>
<iter>
<var name="${index}">0</var>
<kw name="Run Keyword If" library="BuiltIn">
<arg>${buttons}</arg>
<arg>Swipe By Percent</arg>
<arg>90</arg>
<arg>50</arg>
<arg>10</arg>
<arg>50</arg>
<arg>200</arg>
<arg>ELSE</arg>
<arg>Exit For Loop</arg>
<doc>Runs the given keyword with the given arguments, if ``condition`` is true.</doc>
<kw name="Swipe By Percent" library="AppiumLibrary">
<arg>90</arg>
<arg>50</arg>
<arg>10</arg>
<arg>50</arg>
<arg>200</arg>
<doc>Swipe from one percent of the screen to another percent, for an optional duration.
Normal swipe fails to scale for different screen resolutions, this can be avoided using percent.</doc>
<status status="PASS" starttime="20230717 10:32:52.875" endtime="20230717 10:32:53.537"/>
</kw>
<status status="PASS" starttime="20230717 10:32:52.875" endtime="20230717 10:32:53.537"/>
</kw>
<status status="PASS" starttime="20230717 10:32:52.874" endtime="20230717 10:32:53.537"/>
</iter>
<iter>
<var name="${index}">1</var>
<kw name="Run Keyword If" library="BuiltIn">
<arg>${buttons}</arg>
<arg>Swipe By Percent</arg>
<arg>90</arg>
<arg>50</arg>
<arg>10</arg>
<arg>50</arg>
<arg>200</arg>
<arg>ELSE</arg>
<arg>Exit For Loop</arg>
<doc>Runs the given keyword with the given arguments, if ``condition`` is true.</doc>
<kw name="Swipe By Percent" library="AppiumLibrary">
<arg>90</arg>
<arg>50</arg>
<arg>10</arg>
<arg>50</arg>
<arg>200</arg>
<doc>Swipe from one percent of the screen to another percent, for an optional duration.
Normal swipe fails to scale for different screen resolutions, this can be avoided using percent.</doc>
<status status="PASS" starttime="20230717 10:32:53.539" endtime="20230717 10:32:54.269"/>
</kw>
<status status="PASS" starttime="20230717 10:32:53.538" endtime="20230717 10:32:54.269"/>
</kw>
<status status="PASS" starttime="20230717 10:32:53.538" endtime="20230717 10:32:54.270"/>
</iter>
<iter>
<var name="${index}">2</var>
<kw name="Run Keyword If" library="BuiltIn">
<arg>${buttons}</arg>
<arg>Swipe By Percent</arg>
<arg>90</arg>
<arg>50</arg>
<arg>10</arg>
<arg>50</arg>
<arg>200</arg>
<arg>ELSE</arg>
<arg>Exit For Loop</arg>
<doc>Runs the given keyword with the given arguments, if ``condition`` is true.</doc>
<kw name="Swipe By Percent" library="AppiumLibrary">
<arg>90</arg>
<arg>50</arg>
<arg>10</arg>
<arg>50</arg>
<arg>200</arg>
<doc>Swipe from one percent of the screen to another percent, for an optional duration.
Normal swipe fails to scale for different screen resolutions, this can be avoided using percent.</doc>
<status status="PASS" starttime="20230717 10:32:54.271" endtime="20230717 10:32:54.999"/>
</kw>
<status status="PASS" starttime="20230717 10:32:54.270" endtime="20230717 10:32:54.999"/>
</kw>
<status status="PASS" starttime="20230717 10:32:54.270" endtime="20230717 10:32:55.000"/>
</iter>
<iter>
<var name="${index}">3</var>
<kw name="Run Keyword If" library="BuiltIn">
<arg>${buttons}</arg>
<arg>Swipe By Percent</arg>
<arg>90</arg>
<arg>50</arg>
<arg>10</arg>
<arg>50</arg>
<arg>200</arg>
<arg>ELSE</arg>
<arg>Exit For Loop</arg>
<doc>Runs the given keyword with the given arguments, if ``condition`` is true.</doc>
<kw name="Swipe By Percent" library="AppiumLibrary">
<arg>90</arg>
<arg>50</arg>
<arg>10</arg>
<arg>50</arg>
<arg>200</arg>
<doc>Swipe from one percent of the screen to another percent, for an optional duration.
Normal swipe fails to scale for different screen resolutions, this can be avoided using percent.</doc>
<status status="PASS" starttime="20230717 10:32:55.001" endtime="20230717 10:32:55.685"/>
</kw>
<status status="PASS" starttime="20230717 10:32:55.000" endtime="20230717 10:32:55.685"/>
</kw>
<status status="PASS" starttime="20230717 10:32:55.000" endtime="20230717 10:32:55.685"/>
</iter>
<status status="PASS" starttime="20230717 10:32:52.874" endtime="20230717 10:32:55.685"/>
</for>
<kw name="Click Element" library="AppiumLibrary">
<arg>${id_btn_allow_notif}</arg>
<doc>Click element identified by `locator`.</doc>
<msg timestamp="20230717 10:32:55.690" level="INFO">Clicking element 'id=v_seekbar_overlay'.</msg>
<msg timestamp="20230717 10:32:56.592" level="INFO">criteria is v_seekbar_overlay</msg>
<status status="PASS" starttime="20230717 10:32:55.686" endtime="20230717 10:32:56.592"/>
</kw>
<kw name="Click Element" library="AppiumLibrary">
<arg>${id_btn_valider}</arg>
<doc>Click element identified by `locator`.</doc>
<msg timestamp="20230717 10:32:56.598" level="INFO">Clicking element 'id=bt_stop_showcase'.</msg>
<msg timestamp="20230717 10:32:57.414" level="INFO">criteria is bt_stop_showcase</msg>
<status status="PASS" starttime="20230717 10:32:56.593" endtime="20230717 10:32:57.415"/>
</kw>
<kw name="Wait Until Element Is Visible" library="AppiumLibrary">
<arg>${id_titre_popup}</arg>
<doc>Waits until element specified with `locator` is visible.</doc>
<msg timestamp="20230717 10:32:58.436" level="INFO">criteria is tv_why_user_title</msg>
<status status="PASS" starttime="20230717 10:32:57.415" endtime="20230717 10:32:58.436"/>
</kw>
<kw name="Wait Until Element Is Visible" library="AppiumLibrary">
<arg>${id_skip_popup}</arg>
<doc>Waits until element specified with `locator` is visible.</doc>
<msg timestamp="20230717 10:32:58.544" level="INFO">criteria is tv_why_skip</msg>
<status status="PASS" starttime="20230717 10:32:58.437" endtime="20230717 10:32:58.544"/>
</kw>
<kw name="Click Element" library="AppiumLibrary">
<arg>${id_skip_popup}</arg>
<doc>Click element identified by `locator`.</doc>
<msg timestamp="20230717 10:32:58.550" level="INFO">Clicking element 'id=tv_why_skip'.</msg>
<msg timestamp="20230717 10:32:58.673" level="INFO">criteria is tv_why_skip</msg>
<status status="PASS" starttime="20230717 10:32:58.544" endtime="20230717 10:32:58.674"/>
</kw>
<status status="PASS" starttime="20230717 10:32:48.309" endtime="20230717 10:32:58.674"/>
</kw>
<kw name="Close Application" library="AppiumLibrary" type="TEARDOWN">
<doc>Closes the current application and also close webdriver session.</doc>
<status status="PASS" starttime="20230717 10:32:58.674" endtime="20230717 10:32:59.032"/>
</kw>
<tag>test_001</tag>
<status status="PASS" starttime="20230717 10:32:34.758" endtime="20230717 10:32:59.032"/>
</test>
<status status="PASS" starttime="20230717 10:32:34.727" endtime="20230717 10:32:59.034"/>
</suite>
<status status="PASS" starttime="20230717 10:32:34.287" endtime="20230717 10:32:59.037"/>
</suite>
<statistics>
<total>
<stat pass="1" fail="0" skip="0">All Tests</stat>
</total>
<tag>
<stat pass="1" fail="0" skip="0">test_001</stat>
</tag>
<suite>
<stat pass="1" fail="0" skip="0" id="s1" name="Tests">Tests</stat>
<stat pass="1" fail="0" skip="0" id="s1-s1" name="homeTest">Tests.homeTest</stat>
</suite>
</statistics>
<errors>
</errors>
</robot>
