<?xml version="1.0" encoding="UTF-8"?>
<robot generator="Robot 6.1 (Python 3.11.4 on win32)" generated="20230714 13:36:58.394" rpa="false" schemaversion="4">
<suite id="s1" name="Tests" source="C:\Users\monsh\PycharmProjects\occazio_app\Tests">
<suite id="s1-s1" name="homeTest" source="C:\Users\monsh\PycharmProjects\occazio_app\Tests\homeTest.robot">
<test id="s1-s1-t1" name="Demarrage" line="8">
<kw name="Run Keyword" library="BuiltIn" type="SETUP">
<arg>Launch app</arg>
<doc>Executes the given keyword with the given arguments.</doc>
<kw name="Launch App" library="base">
<kw name="Open Application" library="AppiumLibrary">
<arg>${Hub}</arg>
<arg>automationName=${ANDROID_AUTOMATION_NAME}</arg>
<arg>platformName=${ANDROID_PLATFORM_NAME}</arg>
<arg>platformVersion=${ANDROID_PLATFORM_VERSION}</arg>
<arg>app=${ANDROID_APP}</arg>
<doc>Opens a new application to given Appium server.
Capabilities of appium server, Android and iOS,
Please check https://github.com/appium/appium/blob/master/docs/en/writing-running-appium/server-args.md
| *Option*            | *Man.* | *Description*     |
| remote_url          | Yes    | Appium server url |
| alias               | no     | alias             |
| strict_ssl          | No     | allows you to send commands to an invalid certificate host like a self-signed one. |</doc>
<status status="PASS" starttime="20230714 13:36:58.541" endtime="20230714 13:37:04.689"/>
</kw>
<status status="PASS" starttime="20230714 13:36:58.541" endtime="20230714 13:37:04.689"/>
</kw>
<status status="PASS" starttime="20230714 13:36:58.541" endtime="20230714 13:37:04.689"/>
</kw>
<kw name="Unboarding" library="navigate">
<kw name="Wait Until Element Is Visible" library="AppiumLibrary">
<arg>id=bt_start_showcase</arg>
<arg>15s</arg>
<doc>Waits until element specified with `locator` is visible.</doc>
<msg timestamp="20230714 13:37:07.868" level="INFO">criteria is bt_start_showcase
criteria is bt_start_showcase
criteria is bt_start_showcase
criteria is bt_start_showcase
criteria is bt_start_showcase
criteria is bt_start_showcase
criteria is bt_start_showcase
criteria is bt_start_showcase
criteria is bt_start_showcase
criteria is bt_start_showcase
criteria is bt_start_showcase</msg>
<status status="PASS" starttime="20230714 13:37:04.690" endtime="20230714 13:37:07.869"/>
</kw>
<kw name="Click Element" library="AppiumLibrary">
<arg>id=bt_start_showcase</arg>
<doc>Click element identified by `locator`.</doc>
<msg timestamp="20230714 13:37:07.869" level="INFO">Clicking element 'id=bt_start_showcase'.</msg>
<msg timestamp="20230714 13:37:07.942" level="INFO">criteria is bt_start_showcase</msg>
<status status="PASS" starttime="20230714 13:37:07.869" endtime="20230714 13:37:07.942"/>
</kw>
<kw name="Wait Until Element Is Visible" library="AppiumLibrary">
<arg>id=indicator_showcase</arg>
<doc>Waits until element specified with `locator` is visible.</doc>
<msg timestamp="20230714 13:37:08.617" level="INFO">criteria is indicator_showcase</msg>
<status status="PASS" starttime="20230714 13:37:07.943" endtime="20230714 13:37:08.617"/>
</kw>
<kw name="Run Keyword And Return Status" library="BuiltIn">
<var>${buttons}</var>
<arg>Page Should Not Contain Element</arg>
<arg>id=bt_stop_showcase</arg>
<doc>Runs the given keyword with given arguments and returns the status as a Boolean value.</doc>
<kw name="Page Should Not Contain Element" library="AppiumLibrary">
<arg>id=bt_stop_showcase</arg>
<doc>Verifies that current page not contains `locator` element.</doc>
<msg timestamp="20230714 13:37:08.637" level="INFO">Current page not contains element 'id=bt_stop_showcase'.</msg>
<msg timestamp="20230714 13:37:08.637" level="INFO">criteria is bt_stop_showcase</msg>
<status status="PASS" starttime="20230714 13:37:08.618" endtime="20230714 13:37:08.637"/>
</kw>
<msg timestamp="20230714 13:37:08.637" level="INFO">${buttons} = True</msg>
<status status="PASS" starttime="20230714 13:37:08.617" endtime="20230714 13:37:08.637"/>
</kw>
<for flavor="IN RANGE">
<var>${index}</var>
<value>4</value>
<iter>
<var name="${index}">0</var>
<kw name="Run Keyword If" library="BuiltIn">
<arg>${buttons}</arg>
<arg>Swipe By Percent</arg>
<arg>90</arg>
<arg>50</arg>
<arg>10</arg>
<arg>50</arg>
<arg>200</arg>
<arg>ELSE</arg>
<arg>Exit For Loop</arg>
<doc>Runs the given keyword with the given arguments, if ``condition`` is true.</doc>
<kw name="Swipe By Percent" library="AppiumLibrary">
<arg>90</arg>
<arg>50</arg>
<arg>10</arg>
<arg>50</arg>
<arg>200</arg>
<doc>Swipe from one percent of the screen to another percent, for an optional duration.
Normal swipe fails to scale for different screen resolutions, this can be avoided using percent.</doc>
<status status="PASS" starttime="20230714 13:37:08.638" endtime="20230714 13:37:09.179"/>
</kw>
<status status="PASS" starttime="20230714 13:37:08.638" endtime="20230714 13:37:09.179"/>
</kw>
<status status="PASS" starttime="20230714 13:37:08.638" endtime="20230714 13:37:09.179"/>
</iter>
<iter>
<var name="${index}">1</var>
<kw name="Run Keyword If" library="BuiltIn">
<arg>${buttons}</arg>
<arg>Swipe By Percent</arg>
<arg>90</arg>
<arg>50</arg>
<arg>10</arg>
<arg>50</arg>
<arg>200</arg>
<arg>ELSE</arg>
<arg>Exit For Loop</arg>
<doc>Runs the given keyword with the given arguments, if ``condition`` is true.</doc>
<kw name="Swipe By Percent" library="AppiumLibrary">
<arg>90</arg>
<arg>50</arg>
<arg>10</arg>
<arg>50</arg>
<arg>200</arg>
<doc>Swipe from one percent of the screen to another percent, for an optional duration.
Normal swipe fails to scale for different screen resolutions, this can be avoided using percent.</doc>
<status status="PASS" starttime="20230714 13:37:09.179" endtime="20230714 13:37:09.709"/>
</kw>
<status status="PASS" starttime="20230714 13:37:09.179" endtime="20230714 13:37:09.709"/>
</kw>
<status status="PASS" starttime="20230714 13:37:09.179" endtime="20230714 13:37:09.709"/>
</iter>
<iter>
<var name="${index}">2</var>
<kw name="Run Keyword If" library="BuiltIn">
<arg>${buttons}</arg>
<arg>Swipe By Percent</arg>
<arg>90</arg>
<arg>50</arg>
<arg>10</arg>
<arg>50</arg>
<arg>200</arg>
<arg>ELSE</arg>
<arg>Exit For Loop</arg>
<doc>Runs the given keyword with the given arguments, if ``condition`` is true.</doc>
<kw name="Swipe By Percent" library="AppiumLibrary">
<arg>90</arg>
<arg>50</arg>
<arg>10</arg>
<arg>50</arg>
<arg>200</arg>
<doc>Swipe from one percent of the screen to another percent, for an optional duration.
Normal swipe fails to scale for different screen resolutions, this can be avoided using percent.</doc>
<status status="PASS" starttime="20230714 13:37:09.709" endtime="20230714 13:37:10.235"/>
</kw>
<status status="PASS" starttime="20230714 13:37:09.709" endtime="20230714 13:37:10.235"/>
</kw>
<status status="PASS" starttime="20230714 13:37:09.709" endtime="20230714 13:37:10.235"/>
</iter>
<iter>
<var name="${index}">3</var>
<kw name="Run Keyword If" library="BuiltIn">
<arg>${buttons}</arg>
<arg>Swipe By Percent</arg>
<arg>90</arg>
<arg>50</arg>
<arg>10</arg>
<arg>50</arg>
<arg>200</arg>
<arg>ELSE</arg>
<arg>Exit For Loop</arg>
<doc>Runs the given keyword with the given arguments, if ``condition`` is true.</doc>
<kw name="Swipe By Percent" library="AppiumLibrary">
<arg>90</arg>
<arg>50</arg>
<arg>10</arg>
<arg>50</arg>
<arg>200</arg>
<doc>Swipe from one percent of the screen to another percent, for an optional duration.
Normal swipe fails to scale for different screen resolutions, this can be avoided using percent.</doc>
<status status="PASS" starttime="20230714 13:37:10.235" endtime="20230714 13:37:10.764"/>
</kw>
<status status="PASS" starttime="20230714 13:37:10.235" endtime="20230714 13:37:10.764"/>
</kw>
<status status="PASS" starttime="20230714 13:37:10.235" endtime="20230714 13:37:10.764"/>
</iter>
<status status="PASS" starttime="20230714 13:37:08.638" endtime="20230714 13:37:10.764"/>
</for>
<kw name="Click Element" library="AppiumLibrary">
<arg>id=v_seekbar_overlay</arg>
<doc>Click element identified by `locator`.</doc>
<msg timestamp="20230714 13:37:10.765" level="INFO">Clicking element 'id=v_seekbar_overlay'.</msg>
<msg timestamp="20230714 13:37:11.631" level="INFO">criteria is v_seekbar_overlay</msg>
<status status="PASS" starttime="20230714 13:37:10.764" endtime="20230714 13:37:11.631"/>
</kw>
<kw name="Click Element" library="AppiumLibrary">
<arg>id=bt_stop_showcase</arg>
<doc>Click element identified by `locator`.</doc>
<msg timestamp="20230714 13:37:11.632" level="INFO">Clicking element 'id=bt_stop_showcase'.</msg>
<msg timestamp="20230714 13:37:12.369" level="INFO">criteria is bt_stop_showcase</msg>
<status status="PASS" starttime="20230714 13:37:11.632" endtime="20230714 13:37:12.369"/>
</kw>
<kw name="Wait Until Element Is Visible" library="AppiumLibrary">
<arg>id=tv_why_user_title</arg>
<doc>Waits until element specified with `locator` is visible.</doc>
<msg timestamp="20230714 13:37:13.285" level="INFO">criteria is tv_why_user_title
criteria is tv_why_user_title</msg>
<status status="PASS" starttime="20230714 13:37:12.369" endtime="20230714 13:37:13.285"/>
</kw>
<kw name="Wait Until Element Is Visible" library="AppiumLibrary">
<arg>id=v_click_why_other</arg>
<doc>Waits until element specified with `locator` is visible.</doc>
<msg timestamp="20230714 13:37:13.319" level="INFO">criteria is v_click_why_other</msg>
<status status="PASS" starttime="20230714 13:37:13.285" endtime="20230714 13:37:13.319"/>
</kw>
<kw name="Click Element" library="AppiumLibrary">
<arg>id=v_click_why_other</arg>
<doc>Click element identified by `locator`.</doc>
<msg timestamp="20230714 13:37:13.320" level="INFO">Clicking element 'id=v_click_why_other'.</msg>
<msg timestamp="20230714 13:37:13.390" level="INFO">criteria is v_click_why_other</msg>
<status status="PASS" starttime="20230714 13:37:13.319" endtime="20230714 13:37:13.390"/>
</kw>
<status status="PASS" starttime="20230714 13:37:04.690" endtime="20230714 13:37:13.390"/>
</kw>
<kw name="Run Keywords" library="BuiltIn" type="TEARDOWN">
<arg>Close App</arg>
<arg>AND</arg>
<arg>Stop Appium</arg>
<doc>Executes all the given keywords in a sequence.</doc>
<kw name="Close App" library="base">
<kw name="Close Application" library="AppiumLibrary">
<doc>Closes the current application and also close webdriver session.</doc>
<status status="PASS" starttime="20230714 13:37:13.391" endtime="20230714 13:37:13.718"/>
</kw>
<status status="PASS" starttime="20230714 13:37:13.391" endtime="20230714 13:37:13.718"/>
</kw>
<kw name="Stop Appium" library="base">
<doc>Stops the running Appium server on port 4723</doc>
<kw name="Run And Return Rc" library="OperatingSystem">
<arg>taskkill /F /IM node.exe</arg>
<doc>Runs the given command in the system and returns the return code.</doc>
<msg timestamp="20230714 13:37:13.724" level="INFO">Running command 'taskkill /F /IM node.exe 2&gt;&amp;1'.</msg>
<status status="PASS" starttime="20230714 13:37:13.718" endtime="20230714 13:37:13.830"/>
</kw>
<status status="PASS" starttime="20230714 13:37:13.718" endtime="20230714 13:37:13.830"/>
</kw>
<status status="PASS" starttime="20230714 13:37:13.391" endtime="20230714 13:37:13.830"/>
</kw>
<tag>test_001</tag>
<status status="PASS" starttime="20230714 13:36:58.541" endtime="20230714 13:37:13.830"/>
</test>
<status status="PASS" starttime="20230714 13:36:58.532" endtime="20230714 13:37:13.830"/>
</suite>
<status status="PASS" starttime="20230714 13:36:58.396" endtime="20230714 13:37:13.833"/>
</suite>
<statistics>
<total>
<stat pass="1" fail="0" skip="0">All Tests</stat>
</total>
<tag>
<stat pass="1" fail="0" skip="0">test_001</stat>
</tag>
<suite>
<stat pass="1" fail="0" skip="0" id="s1" name="Tests">Tests</stat>
<stat pass="1" fail="0" skip="0" id="s1-s1" name="homeTest">Tests.homeTest</stat>
</suite>
</statistics>
<errors>
</errors>
</robot>
