<?xml version="1.0" encoding="UTF-8"?>
<robot generator="Robot 6.1 (Python 3.11.4 on win32)" generated="20230712 17:10:02.699" rpa="false" schemaversion="4">
<suite id="s1" name="Tests" source="C:\Users\monsh\PycharmProjects\occazio_app\Tests">
<suite id="s1-s1" name="homeTest" source="C:\Users\monsh\PycharmProjects\occazio_app\Tests\homeTest.robot">
<test id="s1-s1-t1" name="Demarrage" line="8">
<kw name="Run Keyword" library="BuiltIn" type="SETUP">
<arg>base.Start Appium</arg>
<doc>Executes the given keyword with the given arguments.</doc>
<kw name="Start Appium" library="base">
<kw name="Run" library="OperatingSystem">
<var>${userprofile}</var>
<arg>python -c "import os; print(os.path.expanduser('~'))"</arg>
<doc>Runs the given command in the system and returns the output.</doc>
<msg timestamp="20230712 17:10:02.841" level="INFO">Running command 'python -c "import os; print(os.path.expanduser('~'))" 2&gt;&amp;1'.</msg>
<msg timestamp="20230712 17:10:02.874" level="INFO">${userprofile} = C:\Users\monsh</msg>
<status status="PASS" starttime="20230712 17:10:02.837" endtime="20230712 17:10:02.874"/>
</kw>
<kw name="Replace String" library="String">
<var>${userprofile}</var>
<arg>${userprofile}</arg>
<arg>\\</arg>
<arg>/</arg>
<doc>Replaces ``search_for`` in the given ``string`` with ``replace_with``.</doc>
<msg timestamp="20230712 17:10:02.875" level="INFO">${userprofile} = C:/Users/monsh</msg>
<status status="PASS" starttime="20230712 17:10:02.874" endtime="20230712 17:10:02.875"/>
</kw>
<kw name="Start Process" library="Process">
<arg>${userprofile}/AppData/Roaming/npm/appium.cmd</arg>
<arg>-a 127.0.0.1</arg>
<arg>-p 4723</arg>
<arg>-pa /wd/hub</arg>
<doc>Starts a new process on background.</doc>
<msg timestamp="20230712 17:10:02.875" level="INFO">Starting process:
C:/Users/monsh/AppData/Roaming/npm/appium.cmd "-a 127.0.0.1" "-p 4723" "-pa /wd/hub"</msg>
<status status="PASS" starttime="20230712 17:10:02.875" endtime="20230712 17:10:02.885"/>
</kw>
<kw name="Log To Console" library="BuiltIn">
<arg>Started</arg>
<doc>Logs the given message to the console.</doc>
<status status="PASS" starttime="20230712 17:10:02.885" endtime="20230712 17:10:02.886"/>
</kw>
<status status="PASS" starttime="20230712 17:10:02.837" endtime="20230712 17:10:02.886"/>
</kw>
<status status="PASS" starttime="20230712 17:10:02.837" endtime="20230712 17:10:02.886"/>
</kw>
<kw name="Unboarding" library="navigate">
<kw name="Wait Until Element Is Visible" library="AppiumLibrary">
<arg>id=bt_start_showcase</arg>
<arg>15s</arg>
<doc>Waits until element specified with `locator` is visible.</doc>
<kw name="Capture Page Screenshot" library="AppiumLibrary">
<doc>Takes a screenshot of the current page and embeds it into the log.</doc>
<msg timestamp="20230712 17:10:02.887" level="FAIL">No application is open</msg>
<status status="FAIL" starttime="20230712 17:10:02.887" endtime="20230712 17:10:02.898"/>
</kw>
<msg timestamp="20230712 17:10:02.899" level="WARN">Keyword 'Capture Page Screenshot' could not be run on failure: No application is open</msg>
<msg timestamp="20230712 17:10:02.900" level="FAIL">No application is open</msg>
<status status="FAIL" starttime="20230712 17:10:02.887" endtime="20230712 17:10:02.901"/>
</kw>
<kw name="Click Element" library="AppiumLibrary">
<arg>id=bt_start_showcase</arg>
<doc>Click element identified by `locator`.</doc>
<status status="NOT RUN" starttime="20230712 17:10:02.901" endtime="20230712 17:10:02.901"/>
</kw>
<kw name="Wait Until Element Is Visible" library="AppiumLibrary">
<arg>id=indicator_showcase</arg>
<doc>Waits until element specified with `locator` is visible.</doc>
<status status="NOT RUN" starttime="20230712 17:10:02.901" endtime="20230712 17:10:02.901"/>
</kw>
<kw name="Run Keyword And Return Status" library="BuiltIn">
<var>${buttons}</var>
<arg>Page Should Not Contain Element</arg>
<arg>id=bt_stop_showcase</arg>
<doc>Runs the given keyword with given arguments and returns the status as a Boolean value.</doc>
<status status="NOT RUN" starttime="20230712 17:10:02.901" endtime="20230712 17:10:02.901"/>
</kw>
<for flavor="IN RANGE">
<var>${index}</var>
<value>4</value>
<iter>
<var name="${index}"/>
<kw name="Run Keyword If" library="BuiltIn">
<arg>${buttons}</arg>
<arg>Swipe By Percent</arg>
<arg>90</arg>
<arg>50</arg>
<arg>10</arg>
<arg>50</arg>
<arg>200</arg>
<arg>ELSE</arg>
<arg>Exit For Loop</arg>
<doc>Runs the given keyword with the given arguments, if ``condition`` is true.</doc>
<status status="NOT RUN" starttime="20230712 17:10:02.901" endtime="20230712 17:10:02.901"/>
</kw>
<status status="NOT RUN" starttime="20230712 17:10:02.901" endtime="20230712 17:10:02.901"/>
</iter>
<status status="NOT RUN" starttime="20230712 17:10:02.901" endtime="20230712 17:10:02.901"/>
</for>
<kw name="Click Element" library="AppiumLibrary">
<arg>id=v_seekbar_overlay</arg>
<doc>Click element identified by `locator`.</doc>
<status status="NOT RUN" starttime="20230712 17:10:02.901" endtime="20230712 17:10:02.902"/>
</kw>
<kw name="Click Element" library="AppiumLibrary">
<arg>id=bt_stop_showcase</arg>
<doc>Click element identified by `locator`.</doc>
<status status="NOT RUN" starttime="20230712 17:10:02.902" endtime="20230712 17:10:02.902"/>
</kw>
<kw name="Wait Until Element Is Visible" library="AppiumLibrary">
<arg>id=tv_why_user_title</arg>
<doc>Waits until element specified with `locator` is visible.</doc>
<status status="NOT RUN" starttime="20230712 17:10:02.902" endtime="20230712 17:10:02.902"/>
</kw>
<kw name="Wait Until Element Is Visible" library="AppiumLibrary">
<arg>id=v_click_why_other</arg>
<doc>Waits until element specified with `locator` is visible.</doc>
<status status="NOT RUN" starttime="20230712 17:10:02.902" endtime="20230712 17:10:02.902"/>
</kw>
<kw name="Click Element" library="AppiumLibrary">
<arg>id=v_click_why_other</arg>
<doc>Click element identified by `locator`.</doc>
<status status="NOT RUN" starttime="20230712 17:10:02.902" endtime="20230712 17:10:02.902"/>
</kw>
<status status="FAIL" starttime="20230712 17:10:02.887" endtime="20230712 17:10:02.902"/>
</kw>
<kw name="Stop Appium" library="base" type="TEARDOWN">
<doc>Stops the running Appium server on port 4723</doc>
<kw name="Run And Return Rc" library="OperatingSystem">
<arg>taskkill /F /IM node.exe</arg>
<doc>Runs the given command in the system and returns the return code.</doc>
<msg timestamp="20230712 17:10:02.906" level="INFO">Running command 'taskkill /F /IM node.exe 2&gt;&amp;1'.</msg>
<status status="PASS" starttime="20230712 17:10:02.902" endtime="20230712 17:10:03.060"/>
</kw>
<status status="PASS" starttime="20230712 17:10:02.902" endtime="20230712 17:10:03.060"/>
</kw>
<tag>test_001</tag>
<status status="FAIL" starttime="20230712 17:10:02.836" endtime="20230712 17:10:03.060">No application is open</status>
</test>
<status status="FAIL" starttime="20230712 17:10:02.829" endtime="20230712 17:10:03.061"/>
</suite>
<status status="FAIL" starttime="20230712 17:10:02.700" endtime="20230712 17:10:03.063"/>
</suite>
<statistics>
<total>
<stat pass="0" fail="1" skip="0">All Tests</stat>
</total>
<tag>
<stat pass="0" fail="1" skip="0">test_001</stat>
</tag>
<suite>
<stat pass="0" fail="1" skip="0" id="s1" name="Tests">Tests</stat>
<stat pass="0" fail="1" skip="0" id="s1-s1" name="homeTest">Tests.homeTest</stat>
</suite>
</statistics>
<errors>
<msg timestamp="20230712 17:10:02.899" level="WARN">Keyword 'Capture Page Screenshot' could not be run on failure: No application is open</msg>
</errors>
</robot>
