<?xml version="1.0" encoding="UTF-8"?>
<robot generator="Robot 6.1 (Python 3.11.4 on win32)" generated="20230717 17:13:38.912" rpa="false" schemaversion="4">
<suite id="s1" name="Tests" source="C:\Users\monsh\PycharmProjects\occazio_app\Tests">
<suite id="s1-s1" name="homeTest" source="C:\Users\monsh\PycharmProjects\occazio_app\Tests\homeTest.robot">
<test id="s1-s1-t1" name="Demarrage" line="8">
<kw name="Run Keyword" library="BuiltIn" type="SETUP">
<arg>Launch App Browserstack</arg>
<doc>Executes the given keyword with the given arguments.</doc>
<kw name="Launch App Browserstack" library="base">
<kw name="Open Application" library="AppiumLibrary">
<arg>${REMOTE_URL}</arg>
<arg>automationName=${ANDROID_AUTOMATION_NAME}</arg>
<arg>platformName=${ANDROID_PLATFORM_NAME}</arg>
<arg>deviceName=${bs_device}</arg>
<arg>app=${ANDROID_APP_BROWSERSTACK}</arg>
<arg>build=RobotFramework</arg>
<doc>Opens a new application to given Appium server.
Capabilities of appium server, Android and iOS,
Please check https://github.com/appium/appium/blob/master/docs/en/writing-running-appium/server-args.md
| *Option*            | *Man.* | *Description*     |
| remote_url          | Yes    | Appium server url |
| alias               | no     | alias             |
| strict_ssl          | No     | allows you to send commands to an invalid certificate host like a self-signed one. |</doc>
<status status="PASS" starttime="20230717 17:13:39.085" endtime="20230717 17:13:59.436"/>
</kw>
<status status="PASS" starttime="20230717 17:13:39.085" endtime="20230717 17:13:59.436"/>
</kw>
<status status="PASS" starttime="20230717 17:13:39.085" endtime="20230717 17:13:59.436"/>
</kw>
<kw name="Onboarding" library="navigate">
<kw name="Wait Until Element Is Visible" library="AppiumLibrary">
<arg>${id_btn_demarrer}</arg>
<arg>15s</arg>
<doc>Waits until element specified with `locator` is visible.</doc>
<msg timestamp="20230717 17:14:02.539" level="INFO">criteria is bt_start_showcase
criteria is bt_start_showcase
criteria is bt_start_showcase
criteria is bt_start_showcase
criteria is bt_start_showcase
criteria is bt_start_showcase</msg>
<status status="PASS" starttime="20230717 17:13:59.437" endtime="20230717 17:14:02.539"/>
</kw>
<kw name="Click Element" library="AppiumLibrary">
<arg>${id_btn_demarrer}</arg>
<doc>Click element identified by `locator`.</doc>
<msg timestamp="20230717 17:14:02.547" level="INFO">Clicking element 'id=bt_start_showcase'.</msg>
<msg timestamp="20230717 17:14:02.992" level="INFO">criteria is bt_start_showcase</msg>
<status status="PASS" starttime="20230717 17:14:02.540" endtime="20230717 17:14:02.993"/>
</kw>
<kw name="Wait Until Element Is Visible" library="AppiumLibrary">
<arg>${id_indicator_swipe}</arg>
<doc>Waits until element specified with `locator` is visible.</doc>
<msg timestamp="20230717 17:14:03.850" level="INFO">criteria is indicator_showcase</msg>
<status status="PASS" starttime="20230717 17:14:02.993" endtime="20230717 17:14:03.851"/>
</kw>
<kw name="Run Keyword And Return Status" library="BuiltIn">
<var>${buttons}</var>
<arg>Page Should Not Contain Element</arg>
<arg>${id_btn_valider}</arg>
<doc>Runs the given keyword with given arguments and returns the status as a Boolean value.</doc>
<kw name="Page Should Not Contain Element" library="AppiumLibrary">
<arg>${id_btn_valider}</arg>
<doc>Verifies that current page not contains `locator` element.</doc>
<msg timestamp="20230717 17:14:04.059" level="INFO">Current page not contains element 'id=bt_stop_showcase'.</msg>
<msg timestamp="20230717 17:14:04.060" level="INFO">criteria is bt_stop_showcase</msg>
<status status="PASS" starttime="20230717 17:14:03.852" endtime="20230717 17:14:04.060"/>
</kw>
<msg timestamp="20230717 17:14:04.061" level="INFO">${buttons} = True</msg>
<status status="PASS" starttime="20230717 17:14:03.851" endtime="20230717 17:14:04.061"/>
</kw>
<for flavor="IN RANGE">
<var>${index}</var>
<value>4</value>
<iter>
<var name="${index}">0</var>
<kw name="Run Keyword If" library="BuiltIn">
<arg>${buttons}</arg>
<arg>Swipe By Percent</arg>
<arg>90</arg>
<arg>50</arg>
<arg>10</arg>
<arg>50</arg>
<arg>200</arg>
<arg>ELSE</arg>
<arg>Exit For Loop</arg>
<doc>Runs the given keyword with the given arguments, if ``condition`` is true.</doc>
<kw name="Swipe By Percent" library="AppiumLibrary">
<arg>90</arg>
<arg>50</arg>
<arg>10</arg>
<arg>50</arg>
<arg>200</arg>
<doc>Swipe from one percent of the screen to another percent, for an optional duration.
Normal swipe fails to scale for different screen resolutions, this can be avoided using percent.</doc>
<status status="PASS" starttime="20230717 17:14:04.063" endtime="20230717 17:14:05.674"/>
</kw>
<status status="PASS" starttime="20230717 17:14:04.063" endtime="20230717 17:14:05.674"/>
</kw>
<status status="PASS" starttime="20230717 17:14:04.062" endtime="20230717 17:14:05.675"/>
</iter>
<iter>
<var name="${index}">1</var>
<kw name="Run Keyword If" library="BuiltIn">
<arg>${buttons}</arg>
<arg>Swipe By Percent</arg>
<arg>90</arg>
<arg>50</arg>
<arg>10</arg>
<arg>50</arg>
<arg>200</arg>
<arg>ELSE</arg>
<arg>Exit For Loop</arg>
<doc>Runs the given keyword with the given arguments, if ``condition`` is true.</doc>
<kw name="Swipe By Percent" library="AppiumLibrary">
<arg>90</arg>
<arg>50</arg>
<arg>10</arg>
<arg>50</arg>
<arg>200</arg>
<doc>Swipe from one percent of the screen to another percent, for an optional duration.
Normal swipe fails to scale for different screen resolutions, this can be avoided using percent.</doc>
<status status="PASS" starttime="20230717 17:14:05.678" endtime="20230717 17:14:07.236"/>
</kw>
<status status="PASS" starttime="20230717 17:14:05.677" endtime="20230717 17:14:07.237"/>
</kw>
<status status="PASS" starttime="20230717 17:14:05.676" endtime="20230717 17:14:07.237"/>
</iter>
<iter>
<var name="${index}">2</var>
<kw name="Run Keyword If" library="BuiltIn">
<arg>${buttons}</arg>
<arg>Swipe By Percent</arg>
<arg>90</arg>
<arg>50</arg>
<arg>10</arg>
<arg>50</arg>
<arg>200</arg>
<arg>ELSE</arg>
<arg>Exit For Loop</arg>
<doc>Runs the given keyword with the given arguments, if ``condition`` is true.</doc>
<kw name="Swipe By Percent" library="AppiumLibrary">
<arg>90</arg>
<arg>50</arg>
<arg>10</arg>
<arg>50</arg>
<arg>200</arg>
<doc>Swipe from one percent of the screen to another percent, for an optional duration.
Normal swipe fails to scale for different screen resolutions, this can be avoided using percent.</doc>
<status status="PASS" starttime="20230717 17:14:07.239" endtime="20230717 17:14:08.786"/>
</kw>
<status status="PASS" starttime="20230717 17:14:07.238" endtime="20230717 17:14:08.786"/>
</kw>
<status status="PASS" starttime="20230717 17:14:07.237" endtime="20230717 17:14:08.786"/>
</iter>
<iter>
<var name="${index}">3</var>
<kw name="Run Keyword If" library="BuiltIn">
<arg>${buttons}</arg>
<arg>Swipe By Percent</arg>
<arg>90</arg>
<arg>50</arg>
<arg>10</arg>
<arg>50</arg>
<arg>200</arg>
<arg>ELSE</arg>
<arg>Exit For Loop</arg>
<doc>Runs the given keyword with the given arguments, if ``condition`` is true.</doc>
<kw name="Swipe By Percent" library="AppiumLibrary">
<arg>90</arg>
<arg>50</arg>
<arg>10</arg>
<arg>50</arg>
<arg>200</arg>
<doc>Swipe from one percent of the screen to another percent, for an optional duration.
Normal swipe fails to scale for different screen resolutions, this can be avoided using percent.</doc>
<status status="PASS" starttime="20230717 17:14:08.788" endtime="20230717 17:14:10.321"/>
</kw>
<status status="PASS" starttime="20230717 17:14:08.787" endtime="20230717 17:14:10.322"/>
</kw>
<status status="PASS" starttime="20230717 17:14:08.787" endtime="20230717 17:14:10.322"/>
</iter>
<status status="PASS" starttime="20230717 17:14:04.061" endtime="20230717 17:14:10.322"/>
</for>
<kw name="Click Element" library="AppiumLibrary">
<arg>${id_btn_allow_notif}</arg>
<doc>Click element identified by `locator`.</doc>
<msg timestamp="20230717 17:14:10.329" level="INFO">Clicking element 'id=v_seekbar_overlay'.</msg>
<msg timestamp="20230717 17:14:11.935" level="INFO">criteria is v_seekbar_overlay</msg>
<status status="PASS" starttime="20230717 17:14:10.323" endtime="20230717 17:14:11.935"/>
</kw>
<kw name="Click Element" library="AppiumLibrary">
<arg>${id_btn_valider}</arg>
<doc>Click element identified by `locator`.</doc>
<msg timestamp="20230717 17:14:11.940" level="INFO">Clicking element 'id=bt_stop_showcase'.</msg>
<msg timestamp="20230717 17:14:12.420" level="INFO">criteria is bt_stop_showcase</msg>
<status status="PASS" starttime="20230717 17:14:11.935" endtime="20230717 17:14:12.420"/>
</kw>
<kw name="Wait Until Element Is Visible" library="AppiumLibrary">
<arg>${id_titre_popup}</arg>
<doc>Waits until element specified with `locator` is visible.</doc>
<msg timestamp="20230717 17:14:13.386" level="INFO">criteria is tv_why_user_title</msg>
<status status="PASS" starttime="20230717 17:14:12.422" endtime="20230717 17:14:13.386"/>
</kw>
<kw name="Wait Until Element Is Visible" library="AppiumLibrary">
<arg>${id_skip_popup}</arg>
<doc>Waits until element specified with `locator` is visible.</doc>
<msg timestamp="20230717 17:14:13.774" level="INFO">criteria is tv_why_skip</msg>
<status status="PASS" starttime="20230717 17:14:13.386" endtime="20230717 17:14:13.775"/>
</kw>
<kw name="Click Element" library="AppiumLibrary">
<arg>${id_skip_popup}</arg>
<doc>Click element identified by `locator`.</doc>
<msg timestamp="20230717 17:14:13.777" level="INFO">Clicking element 'id=tv_why_skip'.</msg>
<msg timestamp="20230717 17:14:14.198" level="INFO">criteria is tv_why_skip</msg>
<status status="PASS" starttime="20230717 17:14:13.775" endtime="20230717 17:14:14.198"/>
</kw>
<status status="PASS" starttime="20230717 17:13:59.437" endtime="20230717 17:14:14.198"/>
</kw>
<kw name="Close Application" library="AppiumLibrary" type="TEARDOWN">
<doc>Closes the current application and also close webdriver session.</doc>
<status status="PASS" starttime="20230717 17:14:14.199" endtime="20230717 17:14:14.984"/>
</kw>
<tag>test_001</tag>
<status status="PASS" starttime="20230717 17:13:39.084" endtime="20230717 17:14:14.984"/>
</test>
<status status="PASS" starttime="20230717 17:13:39.071" endtime="20230717 17:14:14.985"/>
</suite>
<status status="PASS" starttime="20230717 17:13:38.920" endtime="20230717 17:14:14.987"/>
</suite>
<statistics>
<total>
<stat pass="1" fail="0" skip="0">All Tests</stat>
</total>
<tag>
<stat pass="1" fail="0" skip="0">test_001</stat>
</tag>
<suite>
<stat pass="1" fail="0" skip="0" id="s1" name="Tests">Tests</stat>
<stat pass="1" fail="0" skip="0" id="s1-s1" name="homeTest">Tests.homeTest</stat>
</suite>
</statistics>
<errors>
</errors>
</robot>
