<?xml version="1.0" encoding="UTF-8"?>
<robot generator="Rebot 6.1 (Python 3.11.4 on win32)" generated="20230717 18:32:14.075" rpa="false" schemaversion="4">
<suite id="s1" name="Tests" source="C:\Users\monsh\PycharmProjects\occazio_app\Tests">
<suite id="s1-s1" name="homeTest" source="C:\Users\monsh\PycharmProjects\occazio_app\Tests\homeTest.robot">
<test id="s1-s1-t1" name="Demarrage" line="8">
<kw name="Run Keyword" library="BuiltIn" type="SETUP">
<arg>Launch App Browserstack</arg>
<doc>Executes the given keyword with the given arguments.</doc>
<kw name="Launch App Browserstack" library="base">
<doc>Lancer App dans BrowserStack</doc>
<kw name="Open Application" library="AppiumLibrary">
<arg>${REMOTE_URL}</arg>
<arg>automationName=${ANDROID_AUTOMATION_NAME}</arg>
<arg>platformName=${ANDROID_PLATFORM_NAME}</arg>
<arg>platformVersion=${ANDROID_PLATFORM_VERSION_BROWSERSTACK}</arg>
<arg>deviceName=${ANDROID_DEVICENAME_BROWSERSTACK}</arg>
<arg>app=${ANDROID_APP_BROWSERSTACK}</arg>
<doc>Opens a new application to given Appium server.
Capabilities of appium server, Android and iOS,
Please check https://github.com/appium/appium/blob/master/docs/en/writing-running-appium/server-args.md
| *Option*            | *Man.* | *Description*     |
| remote_url          | Yes    | Appium server url |
| alias               | no     | alias             |
| strict_ssl          | No     | allows you to send commands to an invalid certificate host like a self-signed one. |</doc>
<status status="PASS" starttime="20230717 18:31:32.847" endtime="20230717 18:31:55.821"/>
</kw>
<status status="PASS" starttime="20230717 18:31:32.847" endtime="20230717 18:31:55.821"/>
</kw>
<status status="PASS" starttime="20230717 18:31:32.846" endtime="20230717 18:31:55.822"/>
</kw>
<kw name="Onboarding" library="navigate">
<kw name="Wait Until Element Is Visible" library="AppiumLibrary">
<arg>${id_btn_demarrer}</arg>
<arg>15s</arg>
<doc>Waits until element specified with `locator` is visible.</doc>
<msg timestamp="20230717 18:32:00.038" level="INFO">criteria is bt_start_showcase
criteria is bt_start_showcase
criteria is bt_start_showcase
criteria is bt_start_showcase
criteria is bt_start_showcase
criteria is bt_start_showcase
criteria is bt_start_showcase</msg>
<status status="PASS" starttime="20230717 18:31:55.822" endtime="20230717 18:32:00.038"/>
</kw>
<kw name="Click Element" library="AppiumLibrary">
<arg>${id_btn_demarrer}</arg>
<doc>Click element identified by `locator`.</doc>
<msg timestamp="20230717 18:32:00.041" level="INFO">Clicking element 'id=bt_start_showcase'.</msg>
<msg timestamp="20230717 18:32:01.164" level="INFO">criteria is bt_start_showcase</msg>
<status status="PASS" starttime="20230717 18:32:00.038" endtime="20230717 18:32:01.164"/>
</kw>
<kw name="Wait Until Element Is Visible" library="AppiumLibrary">
<arg>${id_indicator_swipe}</arg>
<doc>Waits until element specified with `locator` is visible.</doc>
<msg timestamp="20230717 18:32:02.057" level="INFO">criteria is indicator_showcase</msg>
<status status="PASS" starttime="20230717 18:32:01.164" endtime="20230717 18:32:02.057"/>
</kw>
<kw name="Run Keyword And Return Status" library="BuiltIn">
<var>${buttons}</var>
<arg>Page Should Not Contain Element</arg>
<arg>${id_btn_valider}</arg>
<doc>Runs the given keyword with given arguments and returns the status as a Boolean value.</doc>
<kw name="Page Should Not Contain Element" library="AppiumLibrary">
<arg>${id_btn_valider}</arg>
<doc>Verifies that current page not contains `locator` element.</doc>
<msg timestamp="20230717 18:32:02.326" level="INFO">Current page not contains element 'id=bt_stop_showcase'.</msg>
<msg timestamp="20230717 18:32:02.326" level="INFO">criteria is bt_stop_showcase</msg>
<status status="PASS" starttime="20230717 18:32:02.059" endtime="20230717 18:32:02.326"/>
</kw>
<msg timestamp="20230717 18:32:02.327" level="INFO">${buttons} = True</msg>
<status status="PASS" starttime="20230717 18:32:02.058" endtime="20230717 18:32:02.327"/>
</kw>
<for flavor="IN RANGE">
<var>${index}</var>
<value>4</value>
<iter>
<var name="${index}">0</var>
<kw name="Run Keyword If" library="BuiltIn">
<arg>${buttons}</arg>
<arg>Swipe By Percent</arg>
<arg>90</arg>
<arg>50</arg>
<arg>10</arg>
<arg>50</arg>
<arg>200</arg>
<arg>ELSE</arg>
<arg>Exit For Loop</arg>
<doc>Runs the given keyword with the given arguments, if ``condition`` is true.</doc>
<kw name="Swipe By Percent" library="AppiumLibrary">
<arg>90</arg>
<arg>50</arg>
<arg>10</arg>
<arg>50</arg>
<arg>200</arg>
<doc>Swipe from one percent of the screen to another percent, for an optional duration.
Normal swipe fails to scale for different screen resolutions, this can be avoided using percent.</doc>
<status status="PASS" starttime="20230717 18:32:02.329" endtime="20230717 18:32:03.967"/>
</kw>
<status status="PASS" starttime="20230717 18:32:02.328" endtime="20230717 18:32:03.967"/>
</kw>
<status status="PASS" starttime="20230717 18:32:02.328" endtime="20230717 18:32:03.967"/>
</iter>
<iter>
<var name="${index}">1</var>
<kw name="Run Keyword If" library="BuiltIn">
<arg>${buttons}</arg>
<arg>Swipe By Percent</arg>
<arg>90</arg>
<arg>50</arg>
<arg>10</arg>
<arg>50</arg>
<arg>200</arg>
<arg>ELSE</arg>
<arg>Exit For Loop</arg>
<doc>Runs the given keyword with the given arguments, if ``condition`` is true.</doc>
<kw name="Swipe By Percent" library="AppiumLibrary">
<arg>90</arg>
<arg>50</arg>
<arg>10</arg>
<arg>50</arg>
<arg>200</arg>
<doc>Swipe from one percent of the screen to another percent, for an optional duration.
Normal swipe fails to scale for different screen resolutions, this can be avoided using percent.</doc>
<status status="PASS" starttime="20230717 18:32:03.968" endtime="20230717 18:32:05.423"/>
</kw>
<status status="PASS" starttime="20230717 18:32:03.968" endtime="20230717 18:32:05.423"/>
</kw>
<status status="PASS" starttime="20230717 18:32:03.967" endtime="20230717 18:32:05.423"/>
</iter>
<iter>
<var name="${index}">2</var>
<kw name="Run Keyword If" library="BuiltIn">
<arg>${buttons}</arg>
<arg>Swipe By Percent</arg>
<arg>90</arg>
<arg>50</arg>
<arg>10</arg>
<arg>50</arg>
<arg>200</arg>
<arg>ELSE</arg>
<arg>Exit For Loop</arg>
<doc>Runs the given keyword with the given arguments, if ``condition`` is true.</doc>
<kw name="Swipe By Percent" library="AppiumLibrary">
<arg>90</arg>
<arg>50</arg>
<arg>10</arg>
<arg>50</arg>
<arg>200</arg>
<doc>Swipe from one percent of the screen to another percent, for an optional duration.
Normal swipe fails to scale for different screen resolutions, this can be avoided using percent.</doc>
<status status="PASS" starttime="20230717 18:32:05.424" endtime="20230717 18:32:06.994"/>
</kw>
<status status="PASS" starttime="20230717 18:32:05.424" endtime="20230717 18:32:06.995"/>
</kw>
<status status="PASS" starttime="20230717 18:32:05.423" endtime="20230717 18:32:06.995"/>
</iter>
<iter>
<var name="${index}">3</var>
<kw name="Run Keyword If" library="BuiltIn">
<arg>${buttons}</arg>
<arg>Swipe By Percent</arg>
<arg>90</arg>
<arg>50</arg>
<arg>10</arg>
<arg>50</arg>
<arg>200</arg>
<arg>ELSE</arg>
<arg>Exit For Loop</arg>
<doc>Runs the given keyword with the given arguments, if ``condition`` is true.</doc>
<kw name="Swipe By Percent" library="AppiumLibrary">
<arg>90</arg>
<arg>50</arg>
<arg>10</arg>
<arg>50</arg>
<arg>200</arg>
<doc>Swipe from one percent of the screen to another percent, for an optional duration.
Normal swipe fails to scale for different screen resolutions, this can be avoided using percent.</doc>
<status status="PASS" starttime="20230717 18:32:06.998" endtime="20230717 18:32:08.609"/>
</kw>
<status status="PASS" starttime="20230717 18:32:06.997" endtime="20230717 18:32:08.609"/>
</kw>
<status status="PASS" starttime="20230717 18:32:06.995" endtime="20230717 18:32:08.610"/>
</iter>
<status status="PASS" starttime="20230717 18:32:02.327" endtime="20230717 18:32:08.610"/>
</for>
<kw name="Click Element" library="AppiumLibrary">
<arg>${id_btn_allow_notif}</arg>
<doc>Click element identified by `locator`.</doc>
<msg timestamp="20230717 18:32:08.615" level="INFO">Clicking element 'id=v_seekbar_overlay'.</msg>
<msg timestamp="20230717 18:32:10.050" level="INFO">criteria is v_seekbar_overlay</msg>
<status status="PASS" starttime="20230717 18:32:08.610" endtime="20230717 18:32:10.050"/>
</kw>
<kw name="Click Element" library="AppiumLibrary">
<arg>${id_btn_valider}</arg>
<doc>Click element identified by `locator`.</doc>
<msg timestamp="20230717 18:32:10.054" level="INFO">Clicking element 'id=bt_stop_showcase'.</msg>
<msg timestamp="20230717 18:32:11.105" level="INFO">criteria is bt_stop_showcase</msg>
<status status="PASS" starttime="20230717 18:32:10.050" endtime="20230717 18:32:11.105"/>
</kw>
<kw name="Wait Until Element Is Visible" library="AppiumLibrary">
<arg>${id_titre_popup}</arg>
<doc>Waits until element specified with `locator` is visible.</doc>
<msg timestamp="20230717 18:32:11.821" level="INFO">criteria is tv_why_user_title</msg>
<status status="PASS" starttime="20230717 18:32:11.106" endtime="20230717 18:32:11.821"/>
</kw>
<kw name="Wait Until Element Is Visible" library="AppiumLibrary">
<arg>${id_skip_popup}</arg>
<doc>Waits until element specified with `locator` is visible.</doc>
<msg timestamp="20230717 18:32:12.299" level="INFO">criteria is tv_why_skip</msg>
<status status="PASS" starttime="20230717 18:32:11.822" endtime="20230717 18:32:12.299"/>
</kw>
<kw name="Click Element" library="AppiumLibrary">
<arg>${id_skip_popup}</arg>
<doc>Click element identified by `locator`.</doc>
<msg timestamp="20230717 18:32:12.305" level="INFO">Clicking element 'id=tv_why_skip'.</msg>
<msg timestamp="20230717 18:32:12.820" level="INFO">criteria is tv_why_skip</msg>
<status status="PASS" starttime="20230717 18:32:12.300" endtime="20230717 18:32:12.820"/>
</kw>
<status status="PASS" starttime="20230717 18:31:55.822" endtime="20230717 18:32:12.820"/>
</kw>
<kw name="Close Application" library="AppiumLibrary" type="TEARDOWN">
<doc>Closes the current application and also close webdriver session.</doc>
<status status="PASS" starttime="20230717 18:32:12.820" endtime="20230717 18:32:13.721"/>
</kw>
<tag>test_001</tag>
<status status="PASS" starttime="20230717 18:31:32.846" endtime="20230717 18:32:13.722"/>
</test>
<status status="PASS" starttime="20230717 18:31:32.834" endtime="20230717 18:32:13.723"/>
</suite>
<doc>[https://pabot.org/?ref=log|Pabot] result from 1 executions.</doc>
<status status="PASS" starttime="20230717 18:31:32.693" endtime="20230717 18:32:13.725"/>
</suite>
<statistics>
<total>
<stat pass="1" fail="0" skip="0">All Tests</stat>
</total>
<tag>
<stat pass="1" fail="0" skip="0">test_001</stat>
</tag>
<suite>
<stat pass="1" fail="0" skip="0" id="s1" name="Tests">Tests</stat>
<stat pass="1" fail="0" skip="0" id="s1-s1" name="homeTest">Tests.homeTest</stat>
</suite>
</statistics>
<errors>
</errors>
</robot>
